<?xml version="1.0" encoding="UTF-8"?>
<!-- Generated by org.testng.reporters.JUnitXMLReporter -->
<testsuite hostname="IN5CG4525JV9" ignored="0" name="testing" tests="4" failures="0" timestamp="29 Jan 2020 07:56:34 GMT" time="0.11" errors="0">
  <testcase name="testCaseFour" time="0.025" classname="com.ara.testNG.testng_egs.groupExamples"/>
  <testcase name="testCaseOne" time="0.003" classname="com.ara.testNG.testng_egs.groupExamples"/>
  <testcase name="testCaseThree" time="0.004" classname="com.ara.testNG.testng_egs.groupExamples"/>
  <testcase name="testCaseTwo" time="0.002" classname="com.ara.testNG.testng_egs.groupExamples"/>
</testsuite> <!-- testing -->
