<?xml version="1.0" encoding="UTF-8"?>
<!-- Generated by org.testng.reporters.JUnitXMLReporter -->
<testsuite hostname="IN5CG4525JV9" ignored="0" name="preserve_order" tests="4" failures="0" timestamp="29 Jan 2020 09:58:14 GMT" time="0.055" errors="0">
  <testcase name="testCaseFour" time="0.012" classname="Preserve_order.preserve_order"/>
  <testcase name="testCaseOne" time="0.002" classname="Preserve_order.preserve_order"/>
  <testcase name="testCaseThree" time="0.002" classname="Preserve_order.preserve_order"/>
  <testcase name="testCaseTwo" time="0.001" classname="Preserve_order.preserve_order"/>
</testsuite> <!-- preserve_order -->
