<?xml version="1.0" encoding="UTF-8"?>
<!-- Generated by org.testng.reporters.JUnitXMLReporter -->
<testsuite hostname="IN5CG4525JV9" ignored="0" name="Regression1" tests="4" failures="0" timestamp="29 Jan 2020 07:36:52 GMT" time="0.152" errors="0">
  <testcase name="testCaseFour" time="0.028" classname="com.ara.testNG.testng_egs.groupExamples"/>
  <testcase name="testCaseOne" time="0.007" classname="com.ara.testNG.testng_egs.groupExamples"/>
  <testcase name="testCaseThree" time="0.009" classname="com.ara.testNG.testng_egs.groupExamples"/>
  <testcase name="testCaseTwo" time="0.003" classname="com.ara.testNG.testng_egs.groupExamples"/>
</testsuite> <!-- Regression1 -->
