<?xml version="1.0" encoding="UTF-8"?>
<!-- Generated by org.testng.reporters.JUnitXMLReporter -->
<testsuite hostname="IN5CG4525JV9" ignored="0" name="Test" tests="4" failures="0" timestamp="31 Jul 2019 10:05:54 GMT" time="0.084" errors="0">
  <testcase name="testCaseFour" time="0.019" classname="com.ara.testNG.testng_egs.groupExamples"/>
  <testcase name="testCaseOne" time="0.003" classname="com.ara.testNG.testng_egs.groupExamples"/>
  <testcase name="testCaseThree" time="0.002" classname="com.ara.testNG.testng_egs.groupExamples"/>
  <testcase name="testCaseTwo" time="0.003" classname="com.ara.testNG.testng_egs.groupExamples"/>
</testsuite> <!-- Test -->
