<?xml version="1.0" encoding="UTF-8"?>
<testng-results skipped="0" failed="0" ignored="0" total="4" passed="4">
  <reporter-output>
  </reporter-output>
  <suite name="Suite" duration-ms="55" started-at="2020-01-29T09:58:14Z" finished-at="2020-01-29T09:58:14Z">
    <groups>
    </groups>
    <test name="preserve_order" duration-ms="55" started-at="2020-01-29T09:58:14Z" finished-at="2020-01-29T09:58:14Z">
      <class name="Preserve_order.preserve_order">
        <test-method status="PASS" signature="testCaseFour()[pri:0, instance:Preserve_order.preserve_order@2b98378d]" name="testCaseFour" duration-ms="12" started-at="2020-01-29T09:58:14Z" finished-at="2020-01-29T09:58:14Z">
          <reporter-output>
          </reporter-output>
        </test-method> <!-- testCaseFour -->
        <test-method status="PASS" signature="testCaseOne()[pri:0, instance:Preserve_order.preserve_order@2b98378d]" name="testCaseOne" duration-ms="2" started-at="2020-01-29T09:58:14Z" finished-at="2020-01-29T09:58:14Z">
          <reporter-output>
          </reporter-output>
        </test-method> <!-- testCaseOne -->
        <test-method status="PASS" signature="testCaseThree()[pri:0, instance:Preserve_order.preserve_order@2b98378d]" name="testCaseThree" duration-ms="2" started-at="2020-01-29T09:58:14Z" finished-at="2020-01-29T09:58:14Z">
          <reporter-output>
          </reporter-output>
        </test-method> <!-- testCaseThree -->
        <test-method status="PASS" signature="testCaseTwo()[pri:0, instance:Preserve_order.preserve_order@2b98378d]" name="testCaseTwo" duration-ms="1" started-at="2020-01-29T09:58:14Z" finished-at="2020-01-29T09:58:14Z">
          <reporter-output>
          </reporter-output>
        </test-method> <!-- testCaseTwo -->
      </class> <!-- Preserve_order.preserve_order -->
    </test> <!-- preserve_order -->
  </suite> <!-- Suite -->
</testng-results>
